<?xml version="1.0" encoding="UTF-8"?>
<!-- Generated by org.testng.reporters.JUnitReportReporter -->
<testsuite hostname="LAPTOP-BNPBN61U" name="com.netbanking.testCase.TC_pagelogin_001" tests="1" failures="0" timestamp="25 May 2020 21:12:15 GMT" time="36.955" errors="0">
  <testcase name="login" time="36.955" classname="com.netbanking.testCase.TC_pagelogin_001"/>
</testsuite> <!-- com.netbanking.testCase.TC_pagelogin_001 -->
